<?xml version="1.0" encoding="UTF-8"?><testsuite errors="0" failures="1" name="Learning Selenium" skipped="0" tests="1" time="3.15" timestamp="2021-10-292 01:48:10"><testcase name="To validate POST method"><failure message="expected:&lt;200&gt; but was:&lt;429&gt;" type="java.lang.AssertionError">expected:&lt;200&gt; but was:&lt;429&gt;</failure><system-err>expected:&lt;200&gt; but was:&lt;429&gt;&#13;
apis.TestAutomationLogic.validateResponse(TestAutomationLogic.java:52)&#13;
steps.TestAutomationSteps.validate_the_response_code(TestAutomationSteps.java:21)&#13;
✽.Then validate the response code 200(DummyAPI.feature:15)&#13;
</system-err></testcase></testsuite>